<?xml version="1.0" encoding="UTF-8"?>
<!-- Generated by org.testng.reporters.JUnitReportReporter -->
<testsuite hostname="DESKTOP-KSA3B0J" failures="0" tests="2" name="sauceDemoTests.Tests" time="31.476" errors="0" timestamp="2021-02-10T14:30:21 CET" skipped="0">
  <testcase classname="sauceDemoTests.Tests" name="logIn" time="7.788"/>
  <system-out/>
  <testcase classname="sauceDemoTests.Tests" name="order" time="23.688"/>
  <system-out/>
</testsuite> <!-- sauceDemoTests.Tests -->
